
> dukahub@0.1.0 dev
> concurrently npm:dev:*

[worker] 
[worker] > dukahub@0.1.0 dev:worker
[worker] > ts-node ./src/index-worker.ts
[worker] 
[server] 
[server] > dukahub@0.1.0 dev:server
[server] > ts-node ./src/index.ts
[server] 
[worker] info 10/27/25, 8:39 PM - [Vendure Worker] Bootstrapping Vendure Worker (pid: 47445)... 
[worker] info 10/27/25, 8:39 PM - [Vendure Worker] The plugin "MlModelPlugin" does not specify a compatibility range, so it is not guaranteed to be compatible with this version of Vendure. 
[worker] info 10/27/25, 8:39 PM - [Vendure Worker] The plugin "PriceOverridePlugin" does not specify a compatibility range, so it is not guaranteed to be compatible with this version of Vendure. 
[worker] info 10/27/25, 8:39 PM - [Vendure Worker] The plugin "ChannelSettingsPlugin" does not specify a compatibility range, so it is not guaranteed to be compatible with this version of Vendure. 
[worker] info 10/27/25, 8:39 PM - [Vendure Worker] The plugin "FractionalQuantityPlugin" does not specify a compatibility range, so it is not guaranteed to be compatible with this version of Vendure. 
[worker] info 10/27/25, 8:39 PM - [Vendure Worker] The plugin "NotificationPlugin" does not specify a compatibility range, so it is not guaranteed to be compatible with this version of Vendure. 
[server] ❌ Failed to start application: AggregateError
[server]     at internalConnectMultiple (node:net:1139:18)
[server]     at afterConnectMultiple (node:net:1714:7) {
[server]   code: 'ECONNREFUSED',
[server]   [errors]: [
[server]     Error: connect ECONNREFUSED ::1:5432
[server]         at createConnectionError (node:net:1677:14)
[server]         at afterConnectMultiple (node:net:1707:16) {
[server]       errno: -61,
[server]       code: 'ECONNREFUSED',
[server]       syscall: 'connect',
[server]       address: '::1',
[server]       port: 5432
[server]     },
[server]     Error: connect ECONNREFUSED 127.0.0.1:5432
[server]         at createConnectionError (node:net:1677:14)
[server]         at afterConnectMultiple (node:net:1707:16) {
[server]       errno: -61,
[server]       code: 'ECONNREFUSED',
[server]       syscall: 'connect',
[server]       address: '127.0.0.1',
[server]       port: 5432
[server]     }
[server]   ]
[server] }
[worker] error 10/27/25, 8:39 PM - [TypeOrmModule] Unable to connect to the database. Retrying (1)...
[worker] AggregateError
[worker]     at internalConnectMultiple (node:net:1139:18)
[worker]     at afterConnectMultiple (node:net:1714:7) 
[server] npm run dev:server exited with code 1
[worker] error 10/27/25, 8:39 PM - [TypeOrmModule] Unable to connect to the database. Retrying (2)...
[worker] AggregateError
[worker]     at internalConnectMultiple (node:net:1139:18)
[worker]     at afterConnectMultiple (node:net:1714:7) 
[worker] error 10/27/25, 8:39 PM - [TypeOrmModule] Unable to connect to the database. Retrying (3)...
[worker] AggregateError
[worker]     at internalConnectMultiple (node:net:1139:18)
[worker]     at afterConnectMultiple (node:net:1714:7) 
[worker] error 10/27/25, 8:39 PM - [TypeOrmModule] Unable to connect to the database. Retrying (4)...
[worker] AggregateError
[worker]     at internalConnectMultiple (node:net:1139:18)
[worker]     at afterConnectMultiple (node:net:1714:7) 
[worker] error 10/27/25, 8:39 PM - [TypeOrmModule] Unable to connect to the database. Retrying (5)...
[worker] AggregateError
[worker]     at internalConnectMultiple (node:net:1139:18)
[worker]     at afterConnectMultiple (node:net:1714:7) 
[worker] error 10/27/25, 8:39 PM - [TypeOrmModule] Unable to connect to the database. Retrying (6)...
[worker] AggregateError
[worker]     at internalConnectMultiple (node:net:1139:18)
[worker]     at afterConnectMultiple (node:net:1714:7) 
[worker] error 10/27/25, 8:39 PM - [TypeOrmModule] Unable to connect to the database. Retrying (7)...
[worker] AggregateError
[worker]     at internalConnectMultiple (node:net:1139:18)
[worker]     at afterConnectMultiple (node:net:1714:7) 
[worker] error 10/27/25, 8:39 PM - [TypeOrmModule] Unable to connect to the database. Retrying (8)...
[worker] AggregateError
[worker]     at internalConnectMultiple (node:net:1139:18)
[worker]     at afterConnectMultiple (node:net:1714:7) 
[worker] error 10/27/25, 8:39 PM - [TypeOrmModule] Unable to connect to the database. Retrying (9)...
[worker] AggregateError
[worker]     at internalConnectMultiple (node:net:1139:18)
[worker]     at afterConnectMultiple (node:net:1714:7) 
[worker] error 10/27/25, 8:39 PM - [ExceptionHandler] 
[worker] AggregateError
[worker]     at internalConnectMultiple (node:net:1139:18)
[worker]     at afterConnectMultiple (node:net:1714:7) 
[worker] npm run dev:worker exited with code 1
